<?xml version="1.0" encoding="UTF-8"?>
<!-- Generated by org.testng.reporters.JUnitReportReporter -->
<testsuite hostname="DESKTOP-OANSG05" failures="0" tests="6" name="PeopleNTech.Automationtraining.Providing" time="73.017" errors="0" timestamp="2022-01-10T21:19:28 EST" skipped="0">
  <testcase classname="PeopleNTech.Automationtraining.Providing" name="f" time="11.122"/>
  <system-out/>
  <testcase classname="PeopleNTech.Automationtraining.Providing" name="f" time="13.302"/>
  <system-out/>
  <testcase classname="PeopleNTech.Automationtraining.Providing" name="f" time="13.336"/>
  <system-out/>
  <testcase classname="PeopleNTech.Automationtraining.Providing" name="f" time="10.858"/>
  <system-out/>
  <testcase classname="PeopleNTech.Automationtraining.Providing" name="f" time="13.135"/>
  <system-out/>
  <testcase classname="PeopleNTech.Automationtraining.Providing" name="f" time="11.264"/>
  <system-out/>
</testsuite> <!-- PeopleNTech.Automationtraining.Providing -->
